<?xml version="1.0" encoding="UTF-8"?>
<!-- Generated by org.testng.reporters.JUnitXMLReporter -->
<testsuite ignored="0" hostname="DESKTOP-DDHH58G" failures="1" tests="1" name="Command line test" time="17.207" errors="0" timestamp="2023-06-11T12:57:22 BST">
  <testcase classname="io.cucumber.testng.AbstractTestNGCucumberTests" name="runScenario" time="16.325">
    <failure type="java.lang.AssertionError" message="expected [https://www.newmarketholidays.co.uk/book/c/holidays?tourCode=98637&amp;amp;dDate=2024-02-10&amp;amp;dCode=&amp;amp;adults=2&amp;amp;children=0&amp;amp;utm_source=DMR&amp;amp;utm_medium=partner_referral&amp;amp;deeplink=true#/Error] but found [https://www.mailtravel.co.uk/holiday/indias-golden-triangle-shimla-and-amritsars-golden-temple-exclusively-solos-d50c5ad7fbd04a98d656d673711d524a]">
      <![CDATA[java.lang.AssertionError: expected [https://www.newmarketholidays.co.uk/book/c/holidays?tourCode=98637&dDate=2024-02-10&dCode=&adults=2&children=0&utm_source=DMR&utm_medium=partner_referral&deeplink=true#/Error] but found [https://www.mailtravel.co.uk/holiday/indias-golden-triangle-shimla-and-amritsars-golden-temple-exclusively-solos-d50c5ad7fbd04a98d656d673711d524a]
at StepDef.MailTravelSteps.TheBookOnlineButton(MailTravelSteps.java:123)
at ✽.I click on the book online button again(file:///C:/Users/Maan9/IdeaProjects/MailTest4/MailTest/src/main/resources/mailTravel.feature:14)
... Removed 6 stack frames]]>
    </failure>
  </testcase> <!-- runScenario -->
</testsuite> <!-- Command line test -->
