<?xml version="1.0" encoding="UTF-8" ?>
<testsuite tests="1" failures="1" name="TestNGCucumberRunner" time="16.339" errors="0" skipped="0">
  <properties>
    <property name="idea.version" value="2022.2.4"/>
    <property name="java.runtime.name" value="Java(TM) SE Runtime Environment"/>
    <property name="java.vm.version" value="19.0.2+7-44"/>
    <property name="sun.boot.library.path" value="C:\Program Files\Java\jdk-19\bin"/>
    <property name="maven.multiModuleProjectDirectory" value="C:\Users\Maan9\IdeaProjects\MailTest4\MailTest"/>
    <property name="java.vm.vendor" value="Oracle Corporation"/>
    <property name="java.vendor.url" value="https://java.oracle.com/"/>
    <property name="guice.disable.misplaced.annotation.check" value="true"/>
    <property name="path.separator" value=";"/>
    <property name="java.vm.name" value="Java HotSpot(TM) 64-Bit Server VM"/>
    <property name="sun.os.patch.level" value=""/>
    <property name="user.script" value=""/>
    <property name="user.country" value="GB"/>
    <property name="sun.java.launcher" value="SUN_STANDARD"/>
    <property name="java.vm.specification.name" value="Java Virtual Machine Specification"/>
    <property name="user.dir" value="C:\Users\Maan9\IdeaProjects\MailTest4\MailTest"/>
    <property name="java.vm.compressedOopsMode" value="Zero based"/>
    <property name="java.runtime.version" value="19.0.2+7-44"/>
    <property name="os.arch" value="amd64"/>
    <property name="java.io.tmpdir" value="C:\Users\Maan9\AppData\Local\Temp\"/>
    <property name="line.separator" value="
"/>
    <property name="java.vm.specification.vendor" value="Oracle Corporation"/>
    <property name="user.variant" value=""/>
    <property name="stderr.encoding" value="UTF-8"/>
    <property name="os.name" value="Windows 11"/>
    <property name="maven.ext.class.path" value="C:\Program Files\JetBrains\IntelliJ IDEA Community Edition 2022.2.4\plugins\maven\lib\maven-event-listener.jar"/>
    <property name="classworlds.conf" value="C:\Program Files\JetBrains\IntelliJ IDEA Community Edition 2022.2.4\plugins\maven\lib\maven3\bin\m2.conf"/>
    <property name="sun.jnu.encoding" value="Cp1252"/>
    <property name="stdout.encoding" value="UTF-8"/>
    <property name="java.library.path" value="C:\Program Files\Java\jdk-19\bin;C:\WINDOWS\Sun\Java\bin;C:\WINDOWS\system32;C:\WINDOWS;C:\Program Files\Common Files\Oracle\Java\javapath;C:\WINDOWS\system32;C:\WINDOWS;C:\WINDOWS\System32\Wbem;C:\WINDOWS\System32\WindowsPowerShell\v1.0\;C:\WINDOWS\System32\OpenSSH\;C:\Program Files\Git\cmd;C:\apache-maven-3.8.6-bin\apache-maven-3.8.6\bin;C:\Program Files\MySQL\MySQL Server 8.0\bin;C:\Program Files\nodejs\;C:\Users\Maan9\Downloads\apache-jmeter-5.5\apache-jmeter-5.5\bin;C:\Users\Maan9\Android\platform-tools;C:\Program Files\dotnet\;C:\Program Files\Docker\Docker\resources\bin;C:\Program Files\Amazon\AWSCLIV2\;C:\Program Files\Kubernetes\Minikube;;C:\minikube;C:\Program Files\Common Files\Oracle\Java\javapath;C:\WINDOWS\system32;C:\WINDOWS;C:\WINDOWS\System32\Wbem;C:\WINDOWS\System32\WindowsPowerShell\v1.0\;C:\WINDOWS\System32\OpenSSH\;C:\Program Files\Git\cmd;C:\apache-maven-3.8.6-bin\apache-maven-3.8.6\bin;C:\Program Files\MySQL\MySQL Server 8.0\bin;C:\Program Files\nodejs\;C:\Users\Maan9\Downloads\apache-jmeter-5.5\apache-jmeter-5.5\bin;C:\Users\Maan9\Android\platform-tools;C:\Program Files\dotnet\;C:\Program Files\Docker\Docker\resources\bin;C:\Program Files\Amazon\AWSCLIV2\;C:\Program Files\Kubernetes\Minikube;;C:\minikube;C:\Program Files\MySQL\MySQL Shell 8.0\bin\;C:\Users\Maan9\AppData\Local\Microsoft\WindowsApps;C:\Users\Maan9\Downloads\allure-commandline-2.20.1\allure-2.20.1\bin;C:\Program Files\Java\jdk-19\bin;C:\Users\Maan9\OneDrive\Desktop\apache-maven-3.8.6-bin\apache-maven-3.8.6\bin;C:\Users\Maan9\AppData\Roaming\npm;C:\Users\Maan9\AppData\Local\Programs\Microsoft VS Code\bin;;C:\Users\Maan9\IdeaProjects\confluent-community-7.4.0\confluent-7.4.0\bin;."/>
    <property name="maven.conf" value="C:\Program Files\JetBrains\IntelliJ IDEA Community Edition 2022.2.4\plugins\maven\lib\maven3/conf"/>
    <property name="jdk.debug" value="release"/>
    <property name="java.class.version" value="63.0"/>
    <property name="java.specification.name" value="Java Platform API Specification"/>
    <property name="sun.management.compiler" value="HotSpot 64-Bit Tiered Compilers"/>
    <property name="os.version" value="10.0"/>
    <property name="user.home" value="C:\Users\Maan9"/>
    <property name="user.timezone" value="Europe/London"/>
    <property name="file.encoding" value="UTF-8"/>
    <property name="java.specification.version" value="19"/>
    <property name="user.name" value="Maan9"/>
    <property name="java.class.path" value="C:\Program Files\JetBrains\IntelliJ IDEA Community Edition 2022.2.4\plugins\maven\lib\maven3\boot\plexus-classworlds-2.6.0.jar;C:\Program Files\JetBrains\IntelliJ IDEA Community Edition 2022.2.4\plugins\maven\lib\maven3\boot\plexus-classworlds.license"/>
    <property name="java.vm.specification.version" value="19"/>
    <property name="sun.arch.data.model" value="64"/>
    <property name="sun.java.command" value="org.codehaus.classworlds.Launcher -Didea.version=2022.2.4 install"/>
    <property name="java.home" value="C:\Program Files\Java\jdk-19"/>
    <property name="user.language" value="en"/>
    <property name="java.specification.vendor" value="Oracle Corporation"/>
    <property name="java.vm.info" value="mixed mode, sharing"/>
    <property name="java.version" value="19.0.2"/>
    <property name="native.encoding" value="Cp1252"/>
    <property name="java.vendor" value="Oracle Corporation"/>
    <property name="sun.stderr.encoding" value="UTF-8"/>
    <property name="maven.home" value="C:\Program Files\JetBrains\IntelliJ IDEA Community Edition 2022.2.4\plugins\maven\lib\maven3"/>
    <property name="file.separator" value="\"/>
    <property name="java.version.date" value="2023-01-17"/>
    <property name="java.vendor.url.bug" value="https://bugreport.java.com/bugreport/"/>
    <property name="sun.io.unicode.encoding" value="UnicodeLittle"/>
    <property name="sun.cpu.endian" value="little"/>
    <property name="sun.stdout.encoding" value="UTF-8"/>
    <property name="sun.cpu.isalist" value="amd64"/>
  </properties>
  <testcase classname="TestNGCucumberRunner" name="runScenario" time="16.339">
    <failure message="expected [https://www.newmarketholidays.co.uk/book/c/holidays?tourCode=98637&amp;dDate=2024-02-10&amp;dCode=&amp;adults=2&amp;children=0&amp;utm_source=DMR&amp;utm_medium=partner_referral&amp;deeplink=true#/Error] but found [https://www.mailtravel.co.uk/holiday/indias-golden-triangle-shimla-and-amritsars-golden-temple-exclusively-solos-d50c5ad7fbd04a98d656d673711d524a]" type="java.lang.AssertionError">java.lang.AssertionError: expected [https://www.newmarketholidays.co.uk/book/c/holidays?tourCode=98637&amp;dDate=2024-02-10&amp;dCode=&amp;adults=2&amp;children=0&amp;utm_source=DMR&amp;utm_medium=partner_referral&amp;deeplink=true#/Error] but found [https://www.mailtravel.co.uk/holiday/indias-golden-triangle-shimla-and-amritsars-golden-temple-exclusively-solos-d50c5ad7fbd04a98d656d673711d524a]
	at org.testng.Assert.fail(Assert.java:111)
	at org.testng.Assert.failNotEquals(Assert.java:1578)
	at org.testng.Assert.assertEqualsImpl(Assert.java:150)
	at org.testng.Assert.assertEquals(Assert.java:132)
	at org.testng.Assert.assertEquals(Assert.java:656)
	at org.testng.Assert.assertEquals(Assert.java:666)
	at StepDef.MailTravelSteps.TheBookOnlineButton(MailTravelSteps.java:123)
	at ✽.I click on the book online button again(file:///C:/Users/Maan9/IdeaProjects/MailTest4/MailTest/src/main/resources/mailTravel.feature:14)
</failure>
    <system-out>Configuring TestNG with: org.apache.maven.surefire.testng.conf.TestNG652Configurator@dfd3711

@booking
Scenario: Book a tour to India with valid inputs                         &amp;#27;[90m# src/main/resources/mailTravel.feature:4&amp;#27;[0m
  &amp;#27;[32mGiven &amp;#27;[0m&amp;#27;[32mI open a browser and navigate to &amp;#27;[0m&amp;#27;[32m&amp;#27;[1m&quot;https://www.mailtravel.co.uk/&quot;&amp;#27;[0m &amp;#27;[90m# StepDef.MailTravelSteps.i_open_a_browser_and_navigate_to(java.lang.String)&amp;#27;[0m
  &amp;#27;[32mWhen &amp;#27;[0m&amp;#27;[32mI accept all cookies&amp;#27;[0m                                              &amp;#27;[90m# StepDef.MailTravelSteps.accept_cookies()&amp;#27;[0m
  &amp;#27;[32mAnd &amp;#27;[0m&amp;#27;[32mI enter &amp;#27;[0m&amp;#27;[32m&amp;#27;[1m&quot;India&quot;&amp;#27;[0m&amp;#27;[32m in the search bar and click on the search button&amp;#27;[0m   &amp;#27;[90m# StepDef.MailTravelSteps.enter_and_click_on_search_button(java.lang.String)&amp;#27;[0m
  &amp;#27;[32mWhen &amp;#27;[0m&amp;#27;[32mI select holiday package&amp;#27;[0m                                          &amp;#27;[90m# StepDef.MailTravelSteps.click_on_package()&amp;#27;[0m
  &amp;#27;[32mAnd &amp;#27;[0m&amp;#27;[32mI click on the book online button&amp;#27;[0m                                  &amp;#27;[90m# StepDef.MailTravelSteps.click_on_book_online_button()&amp;#27;[0m
  &amp;#27;[32mThen &amp;#27;[0m&amp;#27;[32mI should see an error message &amp;#27;[0m&amp;#27;[32m&amp;#27;[1m&quot;Please select your departure date&quot;&amp;#27;[0m &amp;#27;[90m# StepDef.MailTravelSteps.error_message(java.lang.String)&amp;#27;[0m
  &amp;#27;[32mWhen &amp;#27;[0m&amp;#27;[32mI select two passenger from the dropdown&amp;#27;[0m                          &amp;#27;[90m# StepDef.MailTravelSteps.select_passengers()&amp;#27;[0m
  &amp;#27;[32mAnd &amp;#27;[0m&amp;#27;[32mI select a departure date from the calendar&amp;#27;[0m                        &amp;#27;[90m# StepDef.MailTravelSteps.select_departure_date()&amp;#27;[0m
  &amp;#27;[32mThen &amp;#27;[0m&amp;#27;[32mI should see the tour price&amp;#27;[0m                                       &amp;#27;[90m# StepDef.MailTravelSteps.tour_price()&amp;#27;[0m
  &amp;#27;[31mAnd &amp;#27;[0m&amp;#27;[31mI click on the book online button again&amp;#27;[0m                            &amp;#27;[90m# StepDef.MailTravelSteps.TheBookOnlineButton()&amp;#27;[0m
      &amp;#27;[31mjava.lang.AssertionError: expected [https://www.newmarketholidays.co.uk/book/c/holidays?tourCode=98637&amp;dDate=2024-02-10&amp;dCode=&amp;adults=2&amp;children=0&amp;utm_source=DMR&amp;utm_medium=partner_referral&amp;deeplink=true#/Error] but found [https://www.mailtravel.co.uk/holiday/indias-golden-triangle-shimla-and-amritsars-golden-temple-exclusively-solos-d50c5ad7fbd04a98d656d673711d524a]
	at org.testng.Assert.fail(Assert.java:111)
	at org.testng.Assert.failNotEquals(Assert.java:1578)
	at org.testng.Assert.assertEqualsImpl(Assert.java:150)
	at org.testng.Assert.assertEquals(Assert.java:132)
	at org.testng.Assert.assertEquals(Assert.java:656)
	at org.testng.Assert.assertEquals(Assert.java:666)
	at StepDef.MailTravelSteps.TheBookOnlineButton(MailTravelSteps.java:123)
	at ✽.I click on the book online button again(file:///C:/Users/Maan9/IdeaProjects/MailTest4/MailTest/src/main/resources/mailTravel.feature:14)
&amp;#27;[0m
</system-out>
    <system-err>SLF4J: Failed to load class &quot;org.slf4j.impl.StaticLoggerBinder&quot;.
SLF4J: Defaulting to no-operation (NOP) logger implementation
SLF4J: See http://www.slf4j.org/codes.html#StaticLoggerBinder for further details.
Starting ChromeDriver 114.0.5735.90 (386bc09e8f4f2e025eddae123f36f6263096ae49-refs/branch-heads/5735@{#1052}) on port 18815
Only local connections are allowed.
Please see https://chromedriver.chromium.org/security-considerations for suggestions on keeping ChromeDriver safe.
ChromeDriver was started successfully.
Jun 11, 2023 12:57:07 PM org.openqa.selenium.remote.ProtocolHandshake createSession
INFO: Detected dialect: W3C
</system-err>
  </testcase>
</testsuite>